<?xml version="1.0" encoding="UTF-8"?>
<testsuite name="JUnitTest" tests="1" skipped="0" failures="0" errors="0" timestamp="2021-10-14T13:00:45" hostname="Chideraas-MacBook-Air.local" time="0.043">
  <properties/>
  <testcase name="studentTest()" classname="JUnitTest" time="0.043"/>
  <system-out><![CDATA[]]></system-out>
  <system-err><![CDATA[]]></system-err>
</testsuite>
